2025-11-11 16:04:57,807 - INFO - package: mysql.connector.plugins
2025-11-11 16:04:57,807 - INFO - plugin_name: caching_sha2_password
2025-11-11 16:04:57,808 - INFO - AUTHENTICATION_PLUGIN_CLASS: MySQLCachingSHA2PasswordAuthPlugin
2025-11-11 16:04:57,811 - INFO - 資料庫連接成功
2025-11-11 16:04:57,812 - INFO - 找到 4 個Excel檔案
2025-11-11 16:04:57,813 - INFO - 開始導入檔案: GL860 RAWDATA_2507.xlsx
2025-11-11 16:04:58,457 - INFO - 讀取工作表: 2507_Modify
2025-11-11 16:04:58,629 - ERROR - 解析Excel檔案失敗 .\GL860 RAWDATA_2507.xlsx: ['NO.', 'Time']
2025-11-11 16:04:58,636 - ERROR - 導入檔案 GL860 RAWDATA_2507.xlsx 失敗: 無法解析Excel檔案
2025-11-11 16:04:58,643 - INFO - 開始導入檔案: GL860 RAWDATA_2508.xlsx
2025-11-11 16:04:58,678 - INFO - 讀取工作表: 2508
2025-11-11 16:04:58,826 - ERROR - 解析Excel檔案失敗 .\GL860 RAWDATA_2508.xlsx: ['NO.', 'Time']
2025-11-11 16:04:58,828 - ERROR - 導入檔案 GL860 RAWDATA_2508.xlsx 失敗: 無法解析Excel檔案
2025-11-11 16:04:58,834 - INFO - 開始導入檔案: GL860 RAWDATA_2509.xlsx
2025-11-11 16:04:58,869 - INFO - 讀取工作表: 2509
2025-11-11 16:04:59,052 - ERROR - 解析Excel檔案失敗 .\GL860 RAWDATA_2509.xlsx: ['NO.', 'Time']
2025-11-11 16:04:59,055 - ERROR - 導入檔案 GL860 RAWDATA_2509.xlsx 失敗: 無法解析Excel檔案
2025-11-11 16:04:59,059 - INFO - 開始導入檔案: GL860 RAWDATA_2510.xlsx
2025-11-11 16:04:59,131 - INFO - 讀取工作表: 2510
2025-11-11 16:05:02,292 - ERROR - 解析Excel檔案失敗 .\GL860 RAWDATA_2510.xlsx: ['NO.', 'Time']
2025-11-11 16:05:02,298 - ERROR - 導入檔案 GL860 RAWDATA_2510.xlsx 失敗: 無法解析Excel檔案
2025-11-11 16:05:02,355 - INFO - 批量導入完成，成功導入 0/4 個檔案
2025-11-11 16:05:02,357 - INFO - 資料庫連接已關閉
2025-11-11 16:16:42,491 - INFO - package: mysql.connector.plugins
2025-11-11 16:16:42,492 - INFO - plugin_name: caching_sha2_password
2025-11-11 16:16:42,492 - INFO - AUTHENTICATION_PLUGIN_CLASS: MySQLCachingSHA2PasswordAuthPlugin
2025-11-11 16:16:42,494 - INFO - 資料庫連接成功
2025-11-11 16:16:42,494 - INFO - 找到 4 個Excel檔案
2025-11-11 16:16:42,495 - INFO - 開始導入檔案: GL860 RAWDATA_2507.xlsx
2025-11-11 16:16:42,503 - INFO - 檔案 GL860 RAWDATA_2507.xlsx 已經導入過，跳過
2025-11-11 16:16:42,503 - INFO - 開始導入檔案: GL860 RAWDATA_2508.xlsx
2025-11-11 16:16:42,506 - INFO - 檔案 GL860 RAWDATA_2508.xlsx 已經導入過，跳過
2025-11-11 16:16:42,506 - INFO - 開始導入檔案: GL860 RAWDATA_2509.xlsx
2025-11-11 16:16:42,509 - INFO - 檔案 GL860 RAWDATA_2509.xlsx 已經導入過，跳過
2025-11-11 16:16:42,509 - INFO - 開始導入檔案: GL860 RAWDATA_2510.xlsx
2025-11-11 16:16:42,548 - INFO - 檔案 GL860 RAWDATA_2510.xlsx 已經導入過，跳過
2025-11-11 16:16:42,549 - INFO - 批量導入完成，成功導入 4/4 個檔案
2025-11-11 16:16:42,549 - INFO - 資料庫連接已關閉
2025-11-11 16:18:19,206 - INFO - package: mysql.connector.plugins
2025-11-11 16:18:19,207 - INFO - plugin_name: caching_sha2_password
2025-11-11 16:18:19,207 - INFO - AUTHENTICATION_PLUGIN_CLASS: MySQLCachingSHA2PasswordAuthPlugin
2025-11-11 16:18:19,208 - INFO - 資料庫連接成功
2025-11-11 16:18:19,209 - INFO - 找到 4 個Excel檔案
2025-11-11 16:18:19,210 - INFO - 開始導入檔案: GL860 RAWDATA_2507.xlsx
2025-11-11 16:18:19,676 - INFO - 讀取工作表: 2507_Modify
2025-11-11 16:18:19,875 - WARNING - 無法讀取降水數據: 'Time'
2025-11-11 16:18:19,901 - INFO - 成功解析Excel檔案，原始數據: 2641 筆
2025-11-11 16:18:19,903 - ERROR - 導入檔案 GL860 RAWDATA_2507.xlsx 失敗: Transaction already in progress
2025-11-11 16:18:19,914 - INFO - 開始導入檔案: GL860 RAWDATA_2508.xlsx
2025-11-11 16:18:19,945 - INFO - 讀取工作表: 2508
2025-11-11 16:18:20,085 - ERROR - 解析Excel檔案失敗 .\GL860 RAWDATA_2508.xlsx: ['NO.', 'Time']
2025-11-11 16:18:20,091 - ERROR - 導入檔案 GL860 RAWDATA_2508.xlsx 失敗: 無法解析Excel檔案
2025-11-11 16:18:20,097 - INFO - 開始導入檔案: GL860 RAWDATA_2509.xlsx
2025-11-11 16:18:20,133 - INFO - 讀取工作表: 2509
2025-11-11 16:18:20,299 - ERROR - 解析Excel檔案失敗 .\GL860 RAWDATA_2509.xlsx: ['NO.', 'Time']
2025-11-11 16:18:20,302 - ERROR - 導入檔案 GL860 RAWDATA_2509.xlsx 失敗: 無法解析Excel檔案
2025-11-11 16:18:20,310 - INFO - 開始導入檔案: GL860 RAWDATA_2510.xlsx
2025-11-11 16:18:20,395 - INFO - 讀取工作表: 2510
2025-11-11 16:18:23,497 - ERROR - 解析Excel檔案失敗 .\GL860 RAWDATA_2510.xlsx: ['NO.', 'Time']
2025-11-11 16:18:23,503 - ERROR - 導入檔案 GL860 RAWDATA_2510.xlsx 失敗: 無法解析Excel檔案
2025-11-11 16:18:23,551 - INFO - 批量導入完成，成功導入 0/4 個檔案
2025-11-11 16:18:23,551 - INFO - 資料庫連接已關閉
2025-11-11 16:19:47,913 - INFO - package: mysql.connector.plugins
2025-11-11 16:19:47,913 - INFO - plugin_name: caching_sha2_password
2025-11-11 16:19:47,914 - INFO - AUTHENTICATION_PLUGIN_CLASS: MySQLCachingSHA2PasswordAuthPlugin
2025-11-11 16:19:47,916 - INFO - 資料庫連接成功
2025-11-11 16:19:47,917 - INFO - 找到 4 個Excel檔案
2025-11-11 16:19:47,917 - INFO - 開始導入檔案: GL860 RAWDATA_2507.xlsx
2025-11-11 16:19:47,921 - INFO - 檔案 GL860 RAWDATA_2507.xlsx 已經導入過，跳過
2025-11-11 16:19:47,922 - INFO - 開始導入檔案: GL860 RAWDATA_2508.xlsx
2025-11-11 16:19:47,924 - INFO - 檔案 GL860 RAWDATA_2508.xlsx 已經導入過，跳過
2025-11-11 16:19:47,925 - INFO - 開始導入檔案: GL860 RAWDATA_2509.xlsx
2025-11-11 16:19:47,927 - INFO - 檔案 GL860 RAWDATA_2509.xlsx 已經導入過，跳過
2025-11-11 16:19:47,927 - INFO - 開始導入檔案: GL860 RAWDATA_2510.xlsx
2025-11-11 16:19:47,971 - INFO - 檔案 GL860 RAWDATA_2510.xlsx 已經導入過，跳過
2025-11-11 16:19:47,971 - INFO - 批量導入完成，成功導入 4/4 個檔案
2025-11-11 16:19:47,972 - INFO - 資料庫連接已關閉
2025-11-11 16:20:15,812 - INFO - package: mysql.connector.plugins
2025-11-11 16:20:15,812 - INFO - plugin_name: caching_sha2_password
2025-11-11 16:20:15,813 - INFO - AUTHENTICATION_PLUGIN_CLASS: MySQLCachingSHA2PasswordAuthPlugin
2025-11-11 16:20:15,815 - INFO - 資料庫連接成功
2025-11-11 16:20:15,816 - INFO - 找到 4 個Excel檔案
2025-11-11 16:20:15,816 - INFO - 開始導入檔案: GL860 RAWDATA_2507.xlsx
2025-11-11 16:20:16,243 - INFO - 讀取工作表: 2507_Modify
2025-11-11 16:20:16,410 - INFO - 使用skiprows=14成功讀取數據
2025-11-11 16:20:16,438 - WARNING - 無法讀取降水數據: 'Time'
2025-11-11 16:20:16,469 - INFO - 成功解析Excel檔案，原始數據: 2641 筆
2025-11-11 16:20:24,579 - WARNING - 更新降水數據失敗: 'stat_date'
2025-11-11 16:20:24,580 - WARNING - 更新降水數據失敗: 'stat_date'
2025-11-11 16:20:24,580 - WARNING - 更新降水數據失敗: 'stat_date'
2025-11-11 16:20:24,581 - WARNING - 更新降水數據失敗: 'stat_date'
2025-11-11 16:20:24,581 - WARNING - 更新降水數據失敗: 'stat_date'
2025-11-11 16:20:24,582 - WARNING - 更新降水數據失敗: 'stat_date'
2025-11-11 16:20:24,582 - WARNING - 更新降水數據失敗: 'stat_date'
2025-11-11 16:20:24,582 - WARNING - 更新降水數據失敗: 'stat_date'
2025-11-11 16:20:24,583 - WARNING - 更新降水數據失敗: 'stat_date'
2025-11-11 16:20:24,583 - WARNING - 更新降水數據失敗: 'stat_date'
2025-11-11 16:20:24,583 - WARNING - 更新降水數據失敗: 'stat_date'
2025-11-11 16:20:24,584 - WARNING - 更新降水數據失敗: 'stat_date'
2025-11-11 16:20:24,584 - WARNING - 更新降水數據失敗: 'stat_date'
2025-11-11 16:20:24,585 - WARNING - 更新降水數據失敗: 'stat_date'
2025-11-11 16:20:24,585 - WARNING - 更新降水數據失敗: 'stat_date'
2025-11-11 16:20:24,585 - WARNING - 更新降水數據失敗: 'stat_date'
2025-11-11 16:20:24,586 - WARNING - 更新降水數據失敗: 'stat_date'
2025-11-11 16:20:24,586 - WARNING - 更新降水數據失敗: 'stat_date'
2025-11-11 16:20:24,587 - WARNING - 更新降水數據失敗: 'stat_date'
2025-11-11 16:20:24,587 - WARNING - 更新降水數據失敗: 'stat_date'
2025-11-11 16:20:24,588 - WARNING - 更新降水數據失敗: 'stat_date'
2025-11-11 16:20:24,588 - WARNING - 更新降水數據失敗: 'stat_date'
2025-11-11 16:20:24,588 - WARNING - 更新降水數據失敗: 'stat_date'
2025-11-11 16:20:24,589 - WARNING - 更新降水數據失敗: 'stat_date'
2025-11-11 16:20:24,589 - WARNING - 更新降水數據失敗: 'stat_date'
2025-11-11 16:20:24,590 - WARNING - 更新降水數據失敗: 'stat_date'
2025-11-11 16:20:24,590 - WARNING - 更新降水數據失敗: 'stat_date'
2025-11-11 16:20:24,590 - WARNING - 更新降水數據失敗: 'stat_date'
2025-11-11 16:20:24,591 - WARNING - 更新降水數據失敗: 'stat_date'
2025-11-11 16:20:24,591 - WARNING - 更新降水數據失敗: 'stat_date'
2025-11-11 16:20:24,591 - WARNING - 更新降水數據失敗: 'stat_date'
2025-11-11 16:20:24,592 - WARNING - 更新降水數據失敗: 'stat_date'
2025-11-11 16:20:24,604 - INFO - 成功導入 GL860 RAWDATA_2507.xlsx，插入 2641 筆記錄
2025-11-11 16:20:24,605 - INFO - 開始導入檔案: GL860 RAWDATA_2508.xlsx
2025-11-11 16:20:24,640 - INFO - 讀取工作表: 2508
2025-11-11 16:20:25,048 - INFO - 使用skiprows=16成功讀取數據
2025-11-11 16:20:25,079 - WARNING - 無法讀取降水數據: 'Time'
2025-11-11 16:20:25,116 - INFO - 成功解析Excel檔案，原始數據: 1458 筆
2025-11-11 16:20:32,284 - WARNING - 更新降水數據失敗: 'stat_date'
2025-11-11 16:20:32,285 - WARNING - 更新降水數據失敗: 'stat_date'
2025-11-11 16:20:32,285 - WARNING - 更新降水數據失敗: 'stat_date'
2025-11-11 16:20:32,286 - WARNING - 更新降水數據失敗: 'stat_date'
2025-11-11 16:20:32,286 - WARNING - 更新降水數據失敗: 'stat_date'
2025-11-11 16:20:32,286 - WARNING - 更新降水數據失敗: 'stat_date'
2025-11-11 16:20:32,287 - WARNING - 更新降水數據失敗: 'stat_date'
2025-11-11 16:20:32,287 - WARNING - 更新降水數據失敗: 'stat_date'
2025-11-11 16:20:32,287 - WARNING - 更新降水數據失敗: 'stat_date'
2025-11-11 16:20:32,288 - WARNING - 更新降水數據失敗: 'stat_date'
2025-11-11 16:20:32,288 - WARNING - 更新降水數據失敗: 'stat_date'
2025-11-11 16:20:32,289 - WARNING - 更新降水數據失敗: 'stat_date'
2025-11-11 16:20:32,290 - WARNING - 更新降水數據失敗: 'stat_date'
2025-11-11 16:20:32,290 - WARNING - 更新降水數據失敗: 'stat_date'
2025-11-11 16:20:32,291 - WARNING - 更新降水數據失敗: 'stat_date'
2025-11-11 16:20:32,291 - WARNING - 更新降水數據失敗: 'stat_date'
2025-11-11 16:20:32,291 - WARNING - 更新降水數據失敗: 'stat_date'
2025-11-11 16:20:32,292 - WARNING - 更新降水數據失敗: 'stat_date'
2025-11-11 16:20:32,292 - WARNING - 更新降水數據失敗: 'stat_date'
2025-11-11 16:20:32,293 - WARNING - 更新降水數據失敗: 'stat_date'
2025-11-11 16:20:32,293 - WARNING - 更新降水數據失敗: 'stat_date'
2025-11-11 16:20:32,293 - WARNING - 更新降水數據失敗: 'stat_date'
2025-11-11 16:20:32,294 - WARNING - 更新降水數據失敗: 'stat_date'
2025-11-11 16:20:32,294 - WARNING - 更新降水數據失敗: 'stat_date'
2025-11-11 16:20:32,295 - WARNING - 更新降水數據失敗: 'stat_date'
2025-11-11 16:20:32,295 - WARNING - 更新降水數據失敗: 'stat_date'
2025-11-11 16:20:32,296 - WARNING - 更新降水數據失敗: 'stat_date'
2025-11-11 16:20:32,296 - WARNING - 更新降水數據失敗: 'stat_date'
2025-11-11 16:20:32,296 - WARNING - 更新降水數據失敗: 'stat_date'
2025-11-11 16:20:32,297 - WARNING - 更新降水數據失敗: 'stat_date'
2025-11-11 16:20:32,297 - WARNING - 更新降水數據失敗: 'stat_date'
2025-11-11 16:20:32,298 - WARNING - 更新降水數據失敗: 'stat_date'
2025-11-11 16:20:32,307 - INFO - 成功導入 GL860 RAWDATA_2508.xlsx，插入 1458 筆記錄
2025-11-11 16:20:32,307 - INFO - 開始導入檔案: GL860 RAWDATA_2509.xlsx
2025-11-11 16:20:32,372 - INFO - 讀取工作表: 2509
2025-11-11 16:20:32,881 - INFO - 使用skiprows=16成功讀取數據
2025-11-11 16:20:32,934 - WARNING - 無法讀取降水數據: 'Time'
2025-11-11 16:20:32,976 - INFO - 成功解析Excel檔案，原始數據: 1442 筆
2025-11-11 16:20:42,134 - WARNING - 更新降水數據失敗: 'stat_date'
2025-11-11 16:20:42,134 - WARNING - 更新降水數據失敗: 'stat_date'
2025-11-11 16:20:42,135 - WARNING - 更新降水數據失敗: 'stat_date'
2025-11-11 16:20:42,135 - WARNING - 更新降水數據失敗: 'stat_date'
2025-11-11 16:20:42,135 - WARNING - 更新降水數據失敗: 'stat_date'
2025-11-11 16:20:42,136 - WARNING - 更新降水數據失敗: 'stat_date'
2025-11-11 16:20:42,136 - WARNING - 更新降水數據失敗: 'stat_date'
2025-11-11 16:20:42,136 - WARNING - 更新降水數據失敗: 'stat_date'
2025-11-11 16:20:42,137 - WARNING - 更新降水數據失敗: 'stat_date'
2025-11-11 16:20:42,137 - WARNING - 更新降水數據失敗: 'stat_date'
2025-11-11 16:20:42,138 - WARNING - 更新降水數據失敗: 'stat_date'
2025-11-11 16:20:42,138 - WARNING - 更新降水數據失敗: 'stat_date'
2025-11-11 16:20:42,139 - WARNING - 更新降水數據失敗: 'stat_date'
2025-11-11 16:20:42,139 - WARNING - 更新降水數據失敗: 'stat_date'
2025-11-11 16:20:42,139 - WARNING - 更新降水數據失敗: 'stat_date'
2025-11-11 16:20:42,140 - WARNING - 更新降水數據失敗: 'stat_date'
2025-11-11 16:20:42,140 - WARNING - 更新降水數據失敗: 'stat_date'
2025-11-11 16:20:42,141 - WARNING - 更新降水數據失敗: 'stat_date'
2025-11-11 16:20:42,141 - WARNING - 更新降水數據失敗: 'stat_date'
2025-11-11 16:20:42,142 - WARNING - 更新降水數據失敗: 'stat_date'
2025-11-11 16:20:42,142 - WARNING - 更新降水數據失敗: 'stat_date'
2025-11-11 16:20:42,142 - WARNING - 更新降水數據失敗: 'stat_date'
2025-11-11 16:20:42,143 - WARNING - 更新降水數據失敗: 'stat_date'
2025-11-11 16:20:42,143 - WARNING - 更新降水數據失敗: 'stat_date'
2025-11-11 16:20:42,143 - WARNING - 更新降水數據失敗: 'stat_date'
2025-11-11 16:20:42,144 - WARNING - 更新降水數據失敗: 'stat_date'
2025-11-11 16:20:42,144 - WARNING - 更新降水數據失敗: 'stat_date'
2025-11-11 16:20:42,144 - WARNING - 更新降水數據失敗: 'stat_date'
2025-11-11 16:20:42,145 - WARNING - 更新降水數據失敗: 'stat_date'
2025-11-11 16:20:42,145 - WARNING - 更新降水數據失敗: 'stat_date'
2025-11-11 16:20:42,145 - WARNING - 更新降水數據失敗: 'stat_date'
2025-11-11 16:20:42,153 - INFO - 成功導入 GL860 RAWDATA_2509.xlsx，插入 1442 筆記錄
2025-11-11 16:20:42,154 - INFO - 開始導入檔案: GL860 RAWDATA_2510.xlsx
2025-11-11 16:20:42,227 - INFO - 讀取工作表: 2510
2025-11-11 16:20:52,088 - INFO - 使用skiprows=16成功讀取數據
2025-11-11 16:20:52,140 - WARNING - 無法讀取降水數據: 'Time'
2025-11-11 16:20:52,167 - INFO - 成功解析Excel檔案，原始數據: 42168 筆
2025-11-11 17:02:22,631 - WARNING - 更新降水數據失敗: 'stat_date'
2025-11-11 17:02:22,633 - WARNING - 更新降水數據失敗: 'stat_date'
2025-11-11 17:02:22,634 - WARNING - 更新降水數據失敗: 'stat_date'
2025-11-11 17:02:22,635 - WARNING - 更新降水數據失敗: 'stat_date'
2025-11-11 17:02:22,635 - WARNING - 更新降水數據失敗: 'stat_date'
2025-11-11 17:02:22,636 - WARNING - 更新降水數據失敗: 'stat_date'
2025-11-11 17:02:22,636 - WARNING - 更新降水數據失敗: 'stat_date'
2025-11-11 17:02:22,636 - WARNING - 更新降水數據失敗: 'stat_date'
2025-11-11 17:02:22,637 - WARNING - 更新降水數據失敗: 'stat_date'
2025-11-11 17:02:22,637 - WARNING - 更新降水數據失敗: 'stat_date'
2025-11-11 17:02:22,638 - WARNING - 更新降水數據失敗: 'stat_date'
2025-11-11 17:02:22,638 - WARNING - 更新降水數據失敗: 'stat_date'
2025-11-11 17:02:22,639 - WARNING - 更新降水數據失敗: 'stat_date'
2025-11-11 17:02:22,639 - WARNING - 更新降水數據失敗: 'stat_date'
2025-11-11 17:02:22,640 - WARNING - 更新降水數據失敗: 'stat_date'
2025-11-11 17:02:22,640 - WARNING - 更新降水數據失敗: 'stat_date'
2025-11-11 17:02:22,641 - WARNING - 更新降水數據失敗: 'stat_date'
2025-11-11 17:02:22,641 - WARNING - 更新降水數據失敗: 'stat_date'
2025-11-11 17:02:22,641 - WARNING - 更新降水數據失敗: 'stat_date'
2025-11-11 17:02:22,642 - WARNING - 更新降水數據失敗: 'stat_date'
2025-11-11 17:02:22,642 - WARNING - 更新降水數據失敗: 'stat_date'
2025-11-11 17:02:22,643 - WARNING - 更新降水數據失敗: 'stat_date'
2025-11-11 17:02:22,643 - WARNING - 更新降水數據失敗: 'stat_date'
2025-11-11 17:02:22,644 - WARNING - 更新降水數據失敗: 'stat_date'
2025-11-11 17:02:22,644 - WARNING - 更新降水數據失敗: 'stat_date'
2025-11-11 17:02:22,645 - WARNING - 更新降水數據失敗: 'stat_date'
2025-11-11 17:02:22,646 - WARNING - 更新降水數據失敗: 'stat_date'
2025-11-11 17:02:22,647 - WARNING - 更新降水數據失敗: 'stat_date'
2025-11-11 17:02:22,648 - WARNING - 更新降水數據失敗: 'stat_date'
2025-11-11 17:02:22,649 - WARNING - 更新降水數據失敗: 'stat_date'
2025-11-11 17:02:22,649 - WARNING - 更新降水數據失敗: 'stat_date'
2025-11-11 17:02:22,650 - WARNING - 更新降水數據失敗: 'stat_date'
2025-11-11 17:02:22,830 - INFO - 成功導入 GL860 RAWDATA_2510.xlsx，插入 42168 筆記錄
2025-11-11 17:02:22,834 - INFO - 批量導入完成，成功導入 4/4 個檔案
2025-11-11 17:02:22,840 - INFO - 資料庫連接已關閉
